Arguments: 
  C:\Program Files\nodejs\node.exe C:\Program Files (x86)\Yarn\bin\yarn.js add react-scripts@4.0.3

PATH: 
  C:\Users\Sito.DESKTOP-IQH2844\bin;C:\Program Files\Git\mingw64\bin;C:\Program Files\Git\usr\local\bin;C:\Program Files\Git\usr\bin;C:\Program Files\Git\usr\bin;C:\Program Files\Git\mingw64\bin;C:\Program Files\Git\usr\bin;C:\Users\Sito.DESKTOP-IQH2844\bin;C:\Strawberry\c\bin;C:\Strawberry\perl\site\bin;C:\Strawberry\perl\bin;C:\Windows;C:\Windows\System32;C:\Windows\System32\Wbem;C:\Windows\System32\WindowsPowerShell\v1.0;C:\Program Files\Git\cmd;C:\Program Files (x86)\Yarn\bin;C:\ProgramData\chocolatey\bin;C:\Program Files\Java\jdk-16.0.1\bin;C:\Users\Sito.DESKTOP-IQH2844\AppData\Roaming\nvm;C:\Program Files\nodejs;C:\Program Files\dotnet;C:\Users\Sito.DESKTOP-IQH2844\AppData\Local\Programs\Python\Python37\Scripts;C:\Users\Sito.DESKTOP-IQH2844\AppData\Local\Programs\Python\Python37;C:\Users\Sito.DESKTOP-IQH2844\.cargo\bin;C:\Users\Sito.DESKTOP-IQH2844\AppData\Local\Microsoft\WindowsApps;C:\Users\Sito.DESKTOP-IQH2844\AppData\Local\Programs\Microsoft VS Code\bin;node_modules\npm\bin;C:\Users\Sito.DESKTOP-IQH2844\AppData\Local\Yarn\bin;C:\Users\Sito.DESKTOP-IQH2844\AppData\Local\GitHubDesktop\bin;C:\Users\Sito.DESKTOP-IQH2844\AppData\Roaming\npm;C:\Users\Sito.DESKTOP-IQH2844\AppData\Roaming\nvm;C:\Program Files\nodejs;C:\Python2;C:\Program Files\Git\usr\bin\vendor_perl;C:\Program Files\Git\usr\bin\core_perl

Yarn version: 
  1.22.5

Node version: 
  16.13.1

Platform: 
  win32 x64

Trace: 
  SyntaxError: C:\Users\Sito.DESKTOP-IQH2844\AppData\Local\Yarn\Cache\v6\npm-browserslist-4.20.0-35951e3541078c125d36df76056e94738a52ebe9-integrity\node_modules\browserslist\.yarn-metadata.json: Unexpected token \ in JSON at position 1
      at JSON.parse (<anonymous>)
      at C:\Program Files (x86)\Yarn\lib\cli.js:1625:59
      at Generator.next (<anonymous>)
      at step (C:\Program Files (x86)\Yarn\lib\cli.js:310:30)
      at C:\Program Files (x86)\Yarn\lib\cli.js:321:13

npm manifest: 
  {
    "name": "reactjs-socket-io-chat-app",
    "version": "0.6.9",
    "private": true,
    "scripts": {
      "build": "browserify ./client/app.jsx -t babelify --outfile ./public/js/app.js",
      "start": "node app.js"
    },
    "dependencies": {
      "express": "^4.13.1",
      "node-rsa": "^1.1.1",
      "react": "^17.0.2",
      "react-dom": "^17.0.2",
      "socket.io": "^1.3.5"
    },
    "devDependencies": {
      "babelify": "^6.1.3",
      "browserify": "^10.2.6"
    },
    "browserslist": {
      "production": [
        ">0.2%",
        "not dead",
        "not op_mini all"
      ],
      "development": [
        "last 1 chrome version",
        "last 1 firefox version",
        "last 1 safari version"
      ]
    }
  }

yarn manifest: 
  No manifest

Lockfile: 
  No lockfile
